<?xml version="1.0" encoding="UTF-8"?>
<!-- Generated by org.testng.reporters.JUnitReportReporter -->
<testsuite skipped="0" hostname="DESKTOP-PVBE2QK" name="org.demowebshop.testscripts.RegisterPageTest" tests="1" failures="0" timestamp="2022-02-18T08:04:21 IST" time="13.894" errors="0">
  <testcase name="verifyRegistration" time="13.894" classname="org.demowebshop.testscripts.RegisterPageTest"/>
  <system-out/>
</testsuite> <!-- org.demowebshop.testscripts.RegisterPageTest -->
