<?xml version="1.0" encoding="UTF-8"?>
<!-- Generated by org.testng.reporters.JUnitReportReporter -->
<testsuite skipped="0" hostname="DESKTOP-PVBE2QK" name="org.demowebshop.testscripts.HomePageTest" tests="1" failures="0" timestamp="2022-02-18T08:04:21 IST" time="15.508" errors="0">
  <testcase name="verifyHomePageTitle" time="15.508" classname="org.demowebshop.testscripts.HomePageTest"/>
  <system-out/>
</testsuite> <!-- org.demowebshop.testscripts.HomePageTest -->
